<?xml version="1.0" encoding="UTF-8"?>
<!-- Generated by org.testng.reporters.JUnitXMLReporter -->
<testsuite ignored="1" hostname="DESKTOP-3N0O4DU" failures="0" tests="2" name="Test" time="0.039" errors="0" timestamp="2023-10-04T15:46:33 IST">
  <testcase classname="com.actitime.testscript.Customer_Module" name="deleteCustomer" time="0.005"/>
  <testcase classname="com.actitime.testscript.Customer_Module" name="modifyCustomer" time="0.001"/>
  <testcase classname="com.actitime.testscript.Customer_Module" name="createCustomer" time="0.0">
    <ignored/>
  </testcase> <!-- createCustomer -->
</testsuite> <!-- Test -->
