<?xml version="1.0" encoding="UTF-8"?>
<!-- Generated by org.testng.reporters.JUnitXMLReporter -->
<testsuite ignored="4" hostname="DESKTOP-3N0O4DU" failures="0" tests="5" name="Test(failed)" time="0.042" errors="0" timestamp="2023-10-03T16:31:58 IST">
  <testcase classname="com.actitime.testscript.Task_Module" name="createTask" time="0.008"/>
  <testcase classname="com.actitime.testscript.Project_Module" name="modifyProject" time="0.001"/>
  <testcase classname="com.actitime.testscript.Project_Module" name="createProject" time="0.002"/>
  <testcase classname="com.actitime.testscript.Customer_Module" name="createCustomer" time="0.001"/>
  <testcase classname="com.actitime.testscript.Customer_Module" name="modifyCustomer" time="0.001"/>
  <testcase classname="com.actitime.testscript.Task_Module" name="deleteTask" time="0.0">
    <ignored/>
  </testcase> <!-- deleteTask -->
  <testcase classname="com.actitime.testscript.Project_Module" name="deleteProject" time="0.0">
    <ignored/>
  </testcase> <!-- deleteProject -->
  <testcase classname="com.actitime.testscript.Customer_Module" name="deleteCustomer" time="0.0">
    <ignored/>
  </testcase> <!-- deleteCustomer -->
  <testcase classname="com.actitime.testscript.Task_Module" name="modifyTask" time="0.0">
    <ignored/>
  </testcase> <!-- modifyTask -->
</testsuite> <!-- Test(failed) -->
